-------------------------------------------------------------------------------
Test set: com.mcorvera.test_demo.test.FeriadoServiceImplTest
-------------------------------------------------------------------------------
Tests run: 2, Failures: 0, Errors: 2, Skipped: 0, Time elapsed: 0.846 s <<< FAILURE! -- in com.mcorvera.test_demo.test.FeriadoServiceImplTest
com.mcorvera.test_demo.test.FeriadoServiceImplTest.testGetFeriadosWithFilters -- Time elapsed: 0.740 s <<< ERROR!
org.mockito.exceptions.base.MockitoException: 

Cannot instantiate @InjectMocks field named 'feriadoService'! Cause: the type 'FeriadoService' is an interface.
You haven't provided the instance at field declaration so I tried to construct the instance.
Examples of correct usage of @InjectMocks:
   @InjectMocks Service service = new Service();
   @InjectMocks Service service;
   //and... don't forget about some @Mocks for injection :)

	at com.mcorvera.test_demo.test.FeriadoServiceImplTest.setUp(FeriadoServiceImplTest.java:31)
	at java.base/java.lang.reflect.Method.invoke(Method.java:580)
	at java.base/java.util.ArrayList.forEach(ArrayList.java:1596)
	at java.base/java.util.ArrayList.forEach(ArrayList.java:1596)

com.mcorvera.test_demo.test.FeriadoServiceImplTest.testGetFeriados -- Time elapsed: 0.052 s <<< ERROR!
org.mockito.exceptions.base.MockitoException: 

Cannot instantiate @InjectMocks field named 'feriadoService'! Cause: the type 'FeriadoService' is an interface.
You haven't provided the instance at field declaration so I tried to construct the instance.
Examples of correct usage of @InjectMocks:
   @InjectMocks Service service = new Service();
   @InjectMocks Service service;
   //and... don't forget about some @Mocks for injection :)

	at com.mcorvera.test_demo.test.FeriadoServiceImplTest.setUp(FeriadoServiceImplTest.java:31)
	at java.base/java.lang.reflect.Method.invoke(Method.java:580)
	at java.base/java.util.ArrayList.forEach(ArrayList.java:1596)
	at java.base/java.util.ArrayList.forEach(ArrayList.java:1596)

