<?xml version="1.0" encoding="UTF-8"?>
<testsuite xmlns:xsi="http://www.w3.org/2001/XMLSchema-instance" xsi:noNamespaceSchemaLocation="https://maven.apache.org/surefire/maven-surefire-plugin/xsd/surefire-test-report-3.0.xsd" version="3.0" name="com.mcorvera.test_demo.test.FeriadoServiceImplTest" time="0.846" tests="2" errors="2" skipped="0" failures="0">
  <properties>
[...]
</properties>
  <testcase name="testGetFeriadosWithFilters" classname="com.mcorvera.test_demo.test.FeriadoServiceImplTest" time="0.74">
    <error message="&#10;Cannot instantiate @InjectMocks field named &apos;feriadoService&apos;! Cause: the type &apos;FeriadoService&apos; is an interface.&#10;You haven&apos;t provided the instance at field declaration so I tried to construct the instance.&#10;Examples of correct usage of @InjectMocks:&#10;   @InjectMocks Service service = new Service();&#10;   @InjectMocks Service service;&#10;   //and... don&apos;t forget about some @Mocks for injection :)&#10;" type="org.mockito.exceptions.base.MockitoException"><![CDATA[org.mockito.exceptions.base.MockitoException: 

Cannot instantiate @InjectMocks field named 'feriadoService'! Cause: the type 'FeriadoService' is an interface.
You haven't provided the instance at field declaration so I tried to construct the instance.
Examples of correct usage of @InjectMocks:
   @InjectMocks Service service = new Service();
   @InjectMocks Service service;
   //and... don't forget about some @Mocks for injection :)

	at com.mcorvera.test_demo.test.FeriadoServiceImplTest.setUp(FeriadoServiceImplTest.java:31)
	at java.base/java.lang.reflect.Method.invoke(Method.java:580)
	at java.base/java.util.ArrayList.forEach(ArrayList.java:1596)
	at java.base/java.util.ArrayList.forEach(ArrayList.java:1596)
]]></error>
  </testcase>
  <testcase name="testGetFeriados" classname="com.mcorvera.test_demo.test.FeriadoServiceImplTest" time="0.052">
    <error message="&#10;Cannot instantiate @InjectMocks field named &apos;feriadoService&apos;! Cause: the type &apos;FeriadoService&apos; is an interface.&#10;You haven&apos;t provided the instance at field declaration so I tried to construct the instance.&#10;Examples of correct usage of @InjectMocks:&#10;   @InjectMocks Service service = new Service();&#10;   @InjectMocks Service service;&#10;   //and... don&apos;t forget about some @Mocks for injection :)&#10;" type="org.mockito.exceptions.base.MockitoException"><![CDATA[org.mockito.exceptions.base.MockitoException: 

Cannot instantiate @InjectMocks field named 'feriadoService'! Cause: the type 'FeriadoService' is an interface.
You haven't provided the instance at field declaration so I tried to construct the instance.
Examples of correct usage of @InjectMocks:
   @InjectMocks Service service = new Service();
   @InjectMocks Service service;
   //and... don't forget about some @Mocks for injection :)

	at com.mcorvera.test_demo.test.FeriadoServiceImplTest.setUp(FeriadoServiceImplTest.java:31)
	at java.base/java.lang.reflect.Method.invoke(Method.java:580)
	at java.base/java.util.ArrayList.forEach(ArrayList.java:1596)
	at java.base/java.util.ArrayList.forEach(ArrayList.java:1596)
]]></error>
  </testcase>
</testsuite>